

times in msec
 clock   self+sourced   self:  sourced script
 clock   elapsed:              other lines

000.000  000.000: --- VIM STARTING ---
000.000  000.000: Allocated generic buffers
002.000  002.000: locale set
016.000  014.000: GUI prepared
016.000  000.000: clipboard setup
016.000  000.000: window checked
016.000  000.000: inits 1
017.000  001.000: parsing arguments
017.000  000.000: expanding arguments
019.000  002.000: shell init
019.000  000.000: inits 2
019.000  000.000: init highlight
023.000  000.000  000.000: sourcing C:\Dev\Tools\Vim\vim74\ftoff.vim
026.000  000.000  000.000: sourcing C:\Users\rathm\.vim\bundle\Vundle.vim\autoload\vundle.vim
030.000  000.000  000.000: sourcing C:\Users\rathm\.vim\bundle\Vundle.vim\autoload\vundle\config.vim
063.000  000.000  000.000: sourcing C:\Users\rathm\.vim\bundle\neosnippet\ftdetect\neosnippet.vim
065.000  000.000  000.000: sourcing C:\Users\rathm\.vim\bundle\vim-json\ftdetect\json.vim
068.000  000.000  000.000: sourcing C:\Users\rathm\.vim\bundle\vim-javascript\ftdetect\javascript.vim
075.000  000.000  000.000: sourcing C:\Users\rathm\.vim\bundle\rust.vim\ftdetect\rust.vim
078.000  000.000  000.000: sourcing C:\Users\rathm\.vim\bundle\vim-markdown\ftdetect\markdown.vim
080.000  000.000  000.000: sourcing C:\Users\rathm\.vim\bundle\vim-toml\ftdetect\toml.vim
083.000  000.000  000.000: sourcing C:\Users\rathm\.vim\bundle\vim-go\ftdetect\gofiletype.vim
093.000  000.000  000.000: sourcing C:\Dev\Tools\Vim\vim74\autoload\paste.vim
182.000  096.000  096.000: sourcing C:\Dev\Tools\Vim\vim74/menu.vim
182.000  140.000  044.000: sourcing C:\Dev\Tools\Vim\vim74\filetype.vim
192.000  000.000  000.000: sourcing C:\Dev\Tools\Vim\vim74\ftplugin.vim
202.000  000.000  000.000: sourcing C:\Dev\Tools\Vim\vim74\indent.vim
211.000  000.000  000.000: sourcing C:\Dev\Tools\Vim\vim74\filetype.vim
222.000  000.000  000.000: sourcing C:\Dev\Tools\Vim\vim74\ftplugin.vim
231.000  000.000  000.000: sourcing C:\Dev\Tools\Vim\vim74\indent.vim
246.000  001.000  001.000: sourcing C:\Dev\Tools\Vim\vim74\syntax\syncolor.vim
249.000  008.000  007.000: sourcing C:\Dev\Tools\Vim\vim74\syntax\synload.vim
249.000  014.000  006.000: sourcing C:\Dev\Tools\Vim\vim74\syntax\syntax.vim
289.000  000.000  000.000: sourcing C:\Dev\Tools\Vim\vim74\syntax\syncolor.vim
297.000  000.000  000.000: sourcing C:\Dev\Tools\Vim\vim74\syntax\syncolor.vim
302.000  019.000  019.000: sourcing C:\Users\rathm\.vim\bundle\vim-colors-solarized\colors\solarized.vim
305.000  284.000  111.000: sourcing $HOME\_vimrc
305.000  002.000: sourcing vimrc file(s)
311.000  000.000  000.000: sourcing C:\Users\rathm\.vim\bundle\nerdtree\autoload\nerdtree.vim
314.000  000.000  000.000: sourcing C:\Users\rathm\.vim\bundle\nerdtree\lib\nerdtree\path.vim
318.000  000.000  000.000: sourcing C:\Users\rathm\.vim\bundle\nerdtree\lib\nerdtree\menu_controller.vim
321.000  000.000  000.000: sourcing C:\Users\rathm\.vim\bundle\nerdtree\lib\nerdtree\menu_item.vim
325.000  001.000  001.000: sourcing C:\Users\rathm\.vim\bundle\nerdtree\lib\nerdtree\key_map.vim
333.000  000.000  000.000: sourcing C:\Users\rathm\.vim\bundle\nerdtree\lib\nerdtree\bookmark.vim
336.000  001.000  001.000: sourcing C:\Users\rathm\.vim\bundle\nerdtree\lib\nerdtree\tree_file_node.vim
339.000  001.000  001.000: sourcing C:\Users\rathm\.vim\bundle\nerdtree\lib\nerdtree\tree_dir_node.vim
341.000  000.000  000.000: sourcing C:\Users\rathm\.vim\bundle\nerdtree\lib\nerdtree\opener.vim
344.000  000.000  000.000: sourcing C:\Users\rathm\.vim\bundle\nerdtree\lib\nerdtree\creator.vim
347.000  000.000  000.000: sourcing C:\Users\rathm\.vim\bundle\nerdtree\lib\nerdtree\flag_set.vim
350.000  001.000  001.000: sourcing C:\Users\rathm\.vim\bundle\nerdtree\lib\nerdtree\nerdtree.vim
352.000  000.000  000.000: sourcing C:\Users\rathm\.vim\bundle\nerdtree\lib\nerdtree\ui.vim
355.000  000.000  000.000: sourcing C:\Users\rathm\.vim\bundle\nerdtree\lib\nerdtree\event.vim
357.000  000.000  000.000: sourcing C:\Users\rathm\.vim\bundle\nerdtree\lib\nerdtree\notifier.vim
361.000  001.000  001.000: sourcing C:\Users\rathm\.vim\bundle\nerdtree\autoload\nerdtree\ui_glue.vim
377.000  000.000  000.000: sourcing C:\Users\rathm\.vim\bundle\nerdtree\nerdtree_plugin\exec_menuitem.vim
379.000  000.000  000.000: sourcing C:\Users\rathm\.vim\bundle\nerdtree\nerdtree_plugin\fs_menu.vim
385.000  077.000  072.000: sourcing C:\Users\rathm\.vim\bundle\nerdtree\plugin\NERD_tree.vim
391.000  000.000  000.000: sourcing C:\Users\rathm\.vim\bundle\vim-airline\autoload\airline.vim
394.000  000.000  000.000: sourcing C:\Users\rathm\.vim\bundle\vim-airline\autoload\airline\init.vim
397.000  000.000  000.000: sourcing C:\Users\rathm\.vim\bundle\vim-airline\autoload\airline\parts.vim
398.000  010.000  010.000: sourcing C:\Users\rathm\.vim\bundle\vim-airline\plugin\airline.vim
406.000  000.000  000.000: sourcing C:\Users\rathm\.vim\bundle\ctrlp.vim\autoload\ctrlp\mrufiles.vim
406.000  005.000  005.000: sourcing C:\Users\rathm\.vim\bundle\ctrlp.vim\plugin\ctrlp.vim
413.000  000.000  000.000: sourcing C:\Users\rathm\.vim\bundle\vim-bufferline\autoload\bufferline.vim
413.000  004.000  004.000: sourcing C:\Users\rathm\.vim\bundle\vim-bufferline\plugin\bufferline.vim
420.000  000.000  000.000: sourcing C:\Users\rathm\.vim\bundle\vim-indent-guides\autoload\indent_guides.vim
420.000  004.000  004.000: sourcing C:\Users\rathm\.vim\bundle\vim-indent-guides\plugin\indent_guides.vim
432.000  000.000  000.000: sourcing C:\Users\rathm\.vim\bundle\syntastic\plugin\syntastic\autoloclist.vim
434.000  000.000  000.000: sourcing C:\Users\rathm\.vim\bundle\syntastic\plugin\syntastic\balloons.vim
436.000  000.000  000.000: sourcing C:\Users\rathm\.vim\bundle\syntastic\plugin\syntastic\checker.vim
438.000  000.000  000.000: sourcing C:\Users\rathm\.vim\bundle\syntastic\plugin\syntastic\cursor.vim
441.000  000.000  000.000: sourcing C:\Users\rathm\.vim\bundle\syntastic\plugin\syntastic\highlighting.vim
443.000  000.000  000.000: sourcing C:\Users\rathm\.vim\bundle\syntastic\plugin\syntastic\loclist.vim
445.000  000.000  000.000: sourcing C:\Users\rathm\.vim\bundle\syntastic\plugin\syntastic\modemap.vim
447.000  000.000  000.000: sourcing C:\Users\rathm\.vim\bundle\syntastic\plugin\syntastic\notifiers.vim
449.000  000.000  000.000: sourcing C:\Users\rathm\.vim\bundle\syntastic\plugin\syntastic\registry.vim
451.000  000.000  000.000: sourcing C:\Users\rathm\.vim\bundle\syntastic\plugin\syntastic\signs.vim
457.000  000.000  000.000: sourcing C:\Users\rathm\.vim\bundle\syntastic\autoload\syntastic\util.vim
466.000  000.000  000.000: sourcing C:\Users\rathm\.vim\bundle\syntastic\plugin\syntastic\autoloclist.vim
468.000  000.000  000.000: sourcing C:\Users\rathm\.vim\bundle\syntastic\plugin\syntastic\balloons.vim
471.000  001.000  001.000: sourcing C:\Users\rathm\.vim\bundle\syntastic\plugin\syntastic\checker.vim
473.000  000.000  000.000: sourcing C:\Users\rathm\.vim\bundle\syntastic\plugin\syntastic\cursor.vim
475.000  000.000  000.000: sourcing C:\Users\rathm\.vim\bundle\syntastic\plugin\syntastic\highlighting.vim
478.000  001.000  001.000: sourcing C:\Users\rathm\.vim\bundle\syntastic\plugin\syntastic\loclist.vim
480.000  000.000  000.000: sourcing C:\Users\rathm\.vim\bundle\syntastic\plugin\syntastic\modemap.vim
482.000  000.000  000.000: sourcing C:\Users\rathm\.vim\bundle\syntastic\plugin\syntastic\notifiers.vim
484.000  000.000  000.000: sourcing C:\Users\rathm\.vim\bundle\syntastic\plugin\syntastic\registry.vim
486.000  000.000  000.000: sourcing C:\Users\rathm\.vim\bundle\syntastic\plugin\syntastic\signs.vim
490.000  037.000  035.000: sourcing C:\Users\rathm\.vim\bundle\syntastic\plugin\syntastic.vim
506.000  013.000  013.000: sourcing C:\Users\rathm\.vim\bundle\vim-fugitive\plugin\fugitive.vim
511.000  000.000  000.000: sourcing C:\Users\rathm\.vim\bundle\neocomplete.vim\plugin\neocomplete\buffer.vim
514.000  000.000  000.000: sourcing C:\Users\rathm\.vim\bundle\neocomplete.vim\plugin\neocomplete\dictionary.vim
516.000  000.000  000.000: sourcing C:\Users\rathm\.vim\bundle\neocomplete.vim\plugin\neocomplete\tag.vim
518.000  000.000  000.000: sourcing C:\Users\rathm\.vim\bundle\neocomplete.vim\plugin\neocomplete.vim
521.000  001.000  001.000: sourcing C:\Users\rathm\.vim\bundle\neosnippet\plugin\neosnippet.vim
524.000  001.000  001.000: sourcing C:\Users\rathm\.vim\bundle\vim-snippets\plugin\vimsnippets.vim
527.000  000.000  000.000: sourcing C:\Users\rathm\.vim\bundle\rust.vim\plugin\rust.vim
530.000  001.000  001.000: sourcing C:\Users\rathm\.vim\bundle\vim-go\plugin\go.vim
537.000  000.000  000.000: sourcing C:\Dev\Tools\Vim\vim74\plugin\getscriptPlugin.vim
539.000  001.000  001.000: sourcing C:\Dev\Tools\Vim\vim74\plugin\gzip.vim
540.000  000.000  000.000: sourcing C:\Dev\Tools\Vim\vim74\plugin\logiPat.vim
542.000  000.000  000.000: sourcing C:\Dev\Tools\Vim\vim74\plugin\matchparen.vim
544.000  001.000  001.000: sourcing C:\Dev\Tools\Vim\vim74\plugin\netrwPlugin.vim
545.000  000.000  000.000: sourcing C:\Dev\Tools\Vim\vim74\plugin\rrhelper.vim
546.000  000.000  000.000: sourcing C:\Dev\Tools\Vim\vim74\plugin\spellfile.vim
547.000  000.000  000.000: sourcing C:\Dev\Tools\Vim\vim74\plugin\tarPlugin.vim
549.000  000.000  000.000: sourcing C:\Dev\Tools\Vim\vim74\plugin\tohtml.vim
550.000  000.000  000.000: sourcing C:\Dev\Tools\Vim\vim74\plugin\vimballPlugin.vim
551.000  000.000  000.000: sourcing C:\Dev\Tools\Vim\vim74\plugin\zipPlugin.vim
554.000  094.000: loading plugins
554.000  000.000: inits 3
556.000  001.000  001.000: sourcing $VIMRUNTIME\menu.vim
694.000  139.000: starting GUI
695.000  001.000: reading viminfo
696.000  001.000: GUI delay
696.000  000.000: setting raw mode
696.000  000.000: start termcap
696.000  000.000: clearing screen
700.000  001.000  001.000: sourcing C:\Users\rathm\.vim\bundle\vim-airline\autoload\airline\extensions.vim
703.000  000.000  000.000: sourcing C:\Users\rathm\.vim\bundle\vim-airline\autoload\airline\extensions\quickfix.vim
710.000  001.000  001.000: sourcing C:\Users\rathm\.vim\bundle\vim-airline\autoload\airline\extensions\netrw.vim
714.000  000.000  000.000: sourcing C:\Users\rathm\.vim\bundle\vim-airline\autoload\airline\extensions\ctrlp.vim
724.000  000.000  000.000: sourcing C:\Users\rathm\.vim\bundle\vim-airline\autoload\airline\extensions\branch.vim
729.000  000.000  000.000: sourcing C:\Users\rathm\.vim\bundle\vim-airline\autoload\airline\extensions\bufferline.vim
733.000  000.000  000.000: sourcing C:\Users\rathm\.vim\bundle\vim-airline\autoload\airline\extensions\syntastic.vim
737.000  000.000  000.000: sourcing C:\Users\rathm\.vim\bundle\vim-airline\autoload\airline\extensions\whitespace.vim
761.000  001.000  001.000: sourcing C:\Users\rathm\.vim\bundle\vim-airline\autoload\airline\section.vim
764.000  000.000  000.000: sourcing C:\Users\rathm\.vim\bundle\vim-airline\autoload\airline\highlighter.vim
772.000  000.000  000.000: sourcing C:\Users\rathm\.vim\bundle\vim-airline\autoload\airline\themes.vim
773.000  004.000  004.000: sourcing C:\Users\rathm\.vim\bundle\vim-airline\autoload\airline\themes\solarized.vim
781.000  000.000  000.000: sourcing C:\Users\rathm\.vim\bundle\vim-airline\autoload\airline\util.vim
784.000  000.000  000.000: sourcing C:\Users\rathm\.vim\bundle\vim-airline\autoload\airline\builder.vim
788.000  001.000  001.000: sourcing C:\Users\rathm\.vim\bundle\vim-airline\autoload\airline\extensions\default.vim
802.000  098.000: opening buffers
808.000  000.000  000.000: sourcing C:\Users\rathm\.vim\bundle\syntastic\autoload\syntastic\log.vim
810.000  008.000: BufEnter autocommands
810.000  000.000: editing files in windows
819.000  001.000  001.000: sourcing C:\Users\rathm\.vim\bundle\vim-airline\autoload\airline\deprecation.vim
825.000  001.000  001.000: sourcing C:\Users\rathm\.vim\bundle\vim-indent-guides\autoload\color_helper.vim
832.000  020.000: VimEnter autocommands
832.000  000.000: before starting main loop
837.000  005.000: first screen update
837.000  000.000: --- VIM STARTED ---
